# JRE version: OpenJDK Runtime Environment (7.0_101) (build 1.7.0_101-b00)
# Java VM: OpenJDK 64-Bit Server VM (24.95-b01 mixed mode linux-amd64 compressed oops)
Heap
 PSYoungGen      total 106496K, used 83375K [0x00000000ebe00000, 0x00000000f4e00000, 0x0000000100000000)
  eden space 80384K, 80% used [0x00000000ebe00000,0x00000000efd64eb8,0x00000000f0c80000)
  from space 26112K, 70% used [0x00000000f2780000,0x00000000f3986fd0,0x00000000f4100000)
  to   space 27648K, 0% used [0x00000000f0c80000,0x00000000f0c80000,0x00000000f2780000)
 ParOldGen       total 66560K, used 36504K [0x00000000c3a00000, 0x00000000c7b00000, 0x00000000ebe00000)
  object space 66560K, 54% used [0x00000000c3a00000,0x00000000c5da6158,0x00000000c7b00000)
 PSPermGen       total 38912K, used 20302K [0x00000000b9400000, 0x00000000bba00000, 0x00000000c3a00000)
  object space 38912K, 52% used [0x00000000b9400000,0x00000000ba7d3bb0,0x00000000bba00000)
GC Heap History (10 events):
Event: 3.243 GC heap before
{Heap before GC invocations=5 (full 0):
 PSYoungGen      total 34304K, used 34276K [0x00000000ebe00000, 0x00000000ee200000, 0x0000000100000000)
  eden space 31744K, 100% used [0x00000000ebe00000,0x00000000edd00000,0x00000000edd00000)
  from space 2560K, 98% used [0x00000000edf80000,0x00000000ee1f92d8,0x00000000ee200000)
  to   space 2560K, 0% used [0x00000000edd00000,0x00000000edd00000,0x00000000edf80000)
 ParOldGen       total 40960K, used 11434K [0x00000000c3a00000, 0x00000000c6200000, 0x00000000ebe00000)
  object space 40960K, 27% used [0x00000000c3a00000,0x00000000c452a8a8,0x00000000c6200000)
 PSPermGen       total 21504K, used 19436K [0x00000000b9400000, 0x00000000ba900000, 0x00000000c3a00000)
  object space 21504K, 90% used [0x00000000b9400000,0x00000000ba6fb038,0x00000000ba900000)
Event: 3.268 GC heap after
Heap after GC invocations=5 (full 0):
 PSYoungGen      total 34304K, used 2532K [0x00000000ebe00000, 0x00000000f1e00000, 0x0000000100000000)
  eden space 31744K, 0% used [0x00000000ebe00000,0x00000000ebe00000,0x00000000edd00000)
  from space 2560K, 98% used [0x00000000edd00000,0x00000000edf792d8,0x00000000edf80000)
  to   space 17408K, 0% used [0x00000000f0d00000,0x00000000f0d00000,0x00000000f1e00000)
 ParOldGen       total 40960K, used 28150K [0x00000000c3a00000, 0x00000000c6200000, 0x00000000ebe00000)
  object space 40960K, 68% used [0x00000000c3a00000,0x00000000c557daa8,0x00000000c6200000)
 PSPermGen       total 21504K, used 19436K [0x00000000b9400000, 0x00000000ba900000, 0x00000000c3a00000)
  object space 21504K, 90% used [0x00000000b9400000,0x00000000ba6fb038,0x00000000ba900000)
}
Event: 3.268 GC heap before
{Heap before GC invocations=6 (full 1):
 PSYoungGen      total 34304K, used 2532K [0x00000000ebe00000, 0x00000000f1e00000, 0x0000000100000000)
  eden space 31744K, 0% used [0x00000000ebe00000,0x00000000ebe00000,0x00000000edd00000)
  from space 2560K, 98% used [0x00000000edd00000,0x00000000edf792d8,0x00000000edf80000)
  to   space 17408K, 0% used [0x00000000f0d00000,0x00000000f0d00000,0x00000000f1e00000)
 ParOldGen       total 40960K, used 28150K [0x00000000c3a00000, 0x00000000c6200000, 0x00000000ebe00000)
  object space 40960K, 68% used [0x00000000c3a00000,0x00000000c557daa8,0x00000000c6200000)
 PSPermGen       total 21504K, used 19436K [0x00000000b9400000, 0x00000000ba900000, 0x00000000c3a00000)
  object space 21504K, 90% used [0x00000000b9400000,0x00000000ba6fb038,0x00000000ba900000)
Event: 3.433 GC heap after
Heap after GC invocations=6 (full 1):
 PSYoungGen      total 34304K, used 0K [0x00000000ebe00000, 0x00000000f1e00000, 0x0000000100000000)
  eden space 31744K, 0% used [0x00000000ebe00000,0x00000000ebe00000,0x00000000edd00000)
  from space 2560K, 0% used [0x00000000edd00000,0x00000000edd00000,0x00000000edf80000)
  to   space 17408K, 0% used [0x00000000f0d00000,0x00000000f0d00000,0x00000000f1e00000)
 ParOldGen       total 66560K, used 27786K [0x00000000c3a00000, 0x00000000c7b00000, 0x00000000ebe00000)
  object space 66560K, 41% used [0x00000000c3a00000,0x00000000c5522b68,0x00000000c7b00000)
 PSPermGen       total 38912K, used 19431K [0x00000000b9400000, 0x00000000bba00000, 0x00000000c3a00000)
  object space 38912K, 49% used [0x00000000b9400000,0x00000000ba6f9ca8,0x00000000bba00000)
}
Event: 3.484 GC heap before
{Heap before GC invocations=7 (full 1):
 PSYoungGen      total 34304K, used 31744K [0x00000000ebe00000, 0x00000000f1e00000, 0x0000000100000000)
  eden space 31744K, 100% used [0x00000000ebe00000,0x00000000edd00000,0x00000000edd00000)
  from space 2560K, 0% used [0x00000000edd00000,0x00000000edd00000,0x00000000edf80000)
  to   space 17408K, 0% used [0x00000000f0d00000,0x00000000f0d00000,0x00000000f1e00000)
 ParOldGen       total 66560K, used 27786K [0x00000000c3a00000, 0x00000000c7b00000, 0x00000000ebe00000)
  object space 66560K, 41% used [0x00000000c3a00000,0x00000000c5522b68,0x00000000c7b00000)
 PSPermGen       total 38912K, used 19431K [0x00000000b9400000, 0x00000000bba00000, 0x00000000c3a00000)
  object space 38912K, 49% used [0x00000000b9400000,0x00000000ba6f9ca8,0x00000000bba00000)
Event: 3.503 GC heap after
Heap after GC invocations=7 (full 1):
 PSYoungGen      total 62464K, used 12885K [0x00000000ebe00000, 0x00000000f1a00000, 0x0000000100000000)
  eden space 49152K, 0% used [0x00000000ebe00000,0x00000000ebe00000,0x00000000eee00000)
  from space 13312K, 96% used [0x00000000f0d00000,0x00000000f19957a0,0x00000000f1a00000)
  to   space 18432K, 0% used [0x00000000ef600000,0x00000000ef600000,0x00000000f0800000)
 ParOldGen       total 66560K, used 27786K [0x00000000c3a00000, 0x00000000c7b00000, 0x00000000ebe00000)
  object space 66560K, 41% used [0x00000000c3a00000,0x00000000c5522b68,0x00000000c7b00000)
 PSPermGen       total 38912K, used 19431K [0x00000000b9400000, 0x00000000bba00000, 0x00000000c3a00000)
  object space 38912K, 49% used [0x00000000b9400000,0x00000000ba6f9ca8,0x00000000bba00000)
}
Event: 4.714 GC heap before
{Heap before GC invocations=8 (full 1):
 PSYoungGen      total 62464K, used 62037K [0x00000000ebe00000, 0x00000000f1a00000, 0x0000000100000000)
  eden space 49152K, 100% used [0x00000000ebe00000,0x00000000eee00000,0x00000000eee00000)
  from space 13312K, 96% used [0x00000000f0d00000,0x00000000f19957a0,0x00000000f1a00000)
  to   space 18432K, 0% used [0x00000000ef600000,0x00000000ef600000,0x00000000f0800000)
 ParOldGen       total 66560K, used 27786K [0x00000000c3a00000, 0x00000000c7b00000, 0x00000000ebe00000)
  object space 66560K, 41% used [0x00000000c3a00000,0x00000000c5522b68,0x00000000c7b00000)
 PSPermGen       total 38912K, used 20195K [0x00000000b9400000, 0x00000000bba00000, 0x00000000c3a00000)
  object space 38912K, 51% used [0x00000000b9400000,0x00000000ba7b8d60,0x00000000bba00000)
Event: 5.043 GC heap after
Heap after GC invocations=8 (full 1):
 PSYoungGen      total 75776K, used 18427K [0x00000000ebe00000, 0x00000000f4100000, 0x0000000100000000)
  eden space 57344K, 0% used [0x00000000ebe00000,0x00000000ebe00000,0x00000000ef600000)
  from space 18432K, 99% used [0x00000000ef600000,0x00000000f07fefe0,0x00000000f0800000)
  to   space 26112K, 0% used [0x00000000f2780000,0x00000000f2780000,0x00000000f4100000)
 ParOldGen       total 66560K, used 36504K [0x00000000c3a00000, 0x00000000c7b00000, 0x00000000ebe00000)
  object space 66560K, 54% used [0x00000000c3a00000,0x00000000c5da6158,0x00000000c7b00000)
 PSPermGen       total 38912K, used 20195K [0x00000000b9400000, 0x00000000bba00000, 0x00000000c3a00000)
  object space 38912K, 51% used [0x00000000b9400000,0x00000000ba7b8d60,0x00000000bba00000)
}
Event: 8.998 GC heap before
{Heap before GC invocations=9 (full 1):
 PSYoungGen      total 75776K, used 75771K [0x00000000ebe00000, 0x00000000f4100000, 0x0000000100000000)
  eden space 57344K, 100% used [0x00000000ebe00000,0x00000000ef600000,0x00000000ef600000)
  from space 18432K, 99% used [0x00000000ef600000,0x00000000f07fefe0,0x00000000f0800000)
  to   space 26112K, 0% used [0x00000000f2780000,0x00000000f2780000,0x00000000f4100000)
 ParOldGen       total 66560K, used 36504K [0x00000000c3a00000, 0x00000000c7b00000, 0x00000000ebe00000)
  object space 66560K, 54% used [0x00000000c3a00000,0x00000000c5da6158,0x00000000c7b00000)
 PSPermGen       total 38912K, used 20253K [0x00000000b9400000, 0x00000000bba00000, 0x00000000c3a00000)
  object space 38912K, 52% used [0x00000000b9400000,0x00000000ba7c7558,0x00000000bba00000)
Event: 9.017 GC heap after
Heap after GC invocations=9 (full 1):
 PSYoungGen      total 106496K, used 18459K [0x00000000ebe00000, 0x00000000f4e00000, 0x0000000100000000)
  eden space 80384K, 0% used [0x00000000ebe00000,0x00000000ebe00000,0x00000000f0c80000)
  from space 26112K, 70% used [0x00000000f2780000,0x00000000f3986fd0,0x00000000f4100000)
  to   space 27648K, 0% used [0x00000000f0c80000,0x00000000f0c80000,0x00000000f2780000)
 ParOldGen       total 66560K, used 36504K [0x00000000c3a00000, 0x00000000c7b00000, 0x00000000ebe00000)
  object space 66560K, 54% used [0x00000000c3a00000,0x00000000c5da6158,0x00000000c7b00000)
 PSPermGen       total 38912K, used 20253K [0x00000000b9400000, 0x00000000bba00000, 0x00000000c3a00000)
  object space 38912K, 52% used [0x00000000b9400000,0x00000000ba7c7558,0x00000000bba00000)
}

