# JRE version: OpenJDK Runtime Environment (7.0_101) (build 1.7.0_101-b00)
# Java VM: OpenJDK 64-Bit Server VM (24.95-b01 mixed mode linux-amd64 compressed oops)
Heap
 PSYoungGen      total 76288K, used 42341K [0x00000000ebe00000, 0x0000000100000000, 0x0000000100000000)
  eden space 75776K, 55% used [0x00000000ebe00000,0x00000000ee749588,0x00000000f0800000)
  from space 512K, 12% used [0x00000000fff00000,0x00000000fff10000,0x00000000fff80000)
  to   space 512K, 0% used [0x00000000fff80000,0x00000000fff80000,0x0000000100000000)
 ParOldGen       total 107008K, used 63692K [0x00000000c3a00000, 0x00000000ca280000, 0x00000000ebe00000)
  object space 107008K, 59% used [0x00000000c3a00000,0x00000000c7833160,0x00000000ca280000)
 PSPermGen       total 44544K, used 20540K [0x00000000b9400000, 0x00000000bbf80000, 0x00000000c3a00000)
  object space 44544K, 46% used [0x00000000b9400000,0x00000000ba80f348,0x00000000bbf80000)
GC Heap History (10 events):
Event: 609.373 GC heap before
{Heap before GC invocations=431 (full 2):
 PSYoungGen      total 71680K, used 71232K [0x00000000ebe00000, 0x0000000100000000, 0x0000000100000000)
  eden space 71168K, 100% used [0x00000000ebe00000,0x00000000f0380000,0x00000000f0380000)
  from space 512K, 12% used [0x00000000fff80000,0x00000000fff90000,0x0000000100000000)
  to   space 512K, 0% used [0x00000000fff00000,0x00000000fff00000,0x00000000fff80000)
 ParOldGen       total 107008K, used 63692K [0x00000000c3a00000, 0x00000000ca280000, 0x00000000ebe00000)
  object space 107008K, 59% used [0x00000000c3a00000,0x00000000c7833160,0x00000000ca280000)
 PSPermGen       total 44544K, used 20534K [0x00000000b9400000, 0x00000000bbf80000, 0x00000000c3a00000)
  object space 44544K, 46% used [0x00000000b9400000,0x00000000ba80dbf8,0x00000000bbf80000)
Event: 609.375 GC heap after
Heap after GC invocations=431 (full 2):
 PSYoungGen      total 73728K, used 96K [0x00000000ebe00000, 0x0000000100000000, 0x0000000100000000)
  eden space 73216K, 0% used [0x00000000ebe00000,0x00000000ebe00000,0x00000000f0580000)
  from space 512K, 18% used [0x00000000fff00000,0x00000000fff18000,0x00000000fff80000)
  to   space 512K, 0% used [0x00000000fff80000,0x00000000fff80000,0x0000000100000000)
 ParOldGen       total 107008K, used 63692K [0x00000000c3a00000, 0x00000000ca280000, 0x00000000ebe00000)
  object space 107008K, 59% used [0x00000000c3a00000,0x00000000c7833160,0x00000000ca280000)
 PSPermGen       total 44544K, used 20534K [0x00000000b9400000, 0x00000000bbf80000, 0x00000000c3a00000)
  object space 44544K, 46% used [0x00000000b9400000,0x00000000ba80dbf8,0x00000000bbf80000)
}
Event: 610.030 GC heap before
{Heap before GC invocations=432 (full 2):
 PSYoungGen      total 73728K, used 73312K [0x00000000ebe00000, 0x0000000100000000, 0x0000000100000000)
  eden space 73216K, 100% used [0x00000000ebe00000,0x00000000f0580000,0x00000000f0580000)
  from space 512K, 18% used [0x00000000fff00000,0x00000000fff18000,0x00000000fff80000)
  to   space 512K, 0% used [0x00000000fff80000,0x00000000fff80000,0x0000000100000000)
 ParOldGen       total 107008K, used 63692K [0x00000000c3a00000, 0x00000000ca280000, 0x00000000ebe00000)
  object space 107008K, 59% used [0x00000000c3a00000,0x00000000c7833160,0x00000000ca280000)
 PSPermGen       total 44544K, used 20534K [0x00000000b9400000, 0x00000000bbf80000, 0x00000000c3a00000)
  object space 44544K, 46% used [0x00000000b9400000,0x00000000ba80dbf8,0x00000000bbf80000)
Event: 610.031 GC heap after
Heap after GC invocations=432 (full 2):
 PSYoungGen      total 75776K, used 96K [0x00000000ebe00000, 0x0000000100000000, 0x0000000100000000)
  eden space 75264K, 0% used [0x00000000ebe00000,0x00000000ebe00000,0x00000000f0780000)
  from space 512K, 18% used [0x00000000fff80000,0x00000000fff98000,0x0000000100000000)
  to   space 512K, 0% used [0x00000000fff00000,0x00000000fff00000,0x00000000fff80000)
 ParOldGen       total 107008K, used 63692K [0x00000000c3a00000, 0x00000000ca280000, 0x00000000ebe00000)
  object space 107008K, 59% used [0x00000000c3a00000,0x00000000c7833160,0x00000000ca280000)
 PSPermGen       total 44544K, used 20534K [0x00000000b9400000, 0x00000000bbf80000, 0x00000000c3a00000)
  object space 44544K, 46% used [0x00000000b9400000,0x00000000ba80dbf8,0x00000000bbf80000)
}
Event: 610.593 GC heap before
{Heap before GC invocations=433 (full 2):
 PSYoungGen      total 75776K, used 75360K [0x00000000ebe00000, 0x0000000100000000, 0x0000000100000000)
  eden space 75264K, 100% used [0x00000000ebe00000,0x00000000f0780000,0x00000000f0780000)
  from space 512K, 18% used [0x00000000fff80000,0x00000000fff98000,0x0000000100000000)
  to   space 512K, 0% used [0x00000000fff00000,0x00000000fff00000,0x00000000fff80000)
 ParOldGen       total 107008K, used 63692K [0x00000000c3a00000, 0x00000000ca280000, 0x00000000ebe00000)
  object space 107008K, 59% used [0x00000000c3a00000,0x00000000c7833160,0x00000000ca280000)
 PSPermGen       total 44544K, used 20534K [0x00000000b9400000, 0x00000000bbf80000, 0x00000000c3a00000)
  object space 44544K, 46% used [0x00000000b9400000,0x00000000ba80dbf8,0x00000000bbf80000)
Event: 610.595 GC heap after
Heap after GC invocations=433 (full 2):
 PSYoungGen      total 77312K, used 96K [0x00000000ebe00000, 0x0000000100000000, 0x0000000100000000)
  eden space 76800K, 0% used [0x00000000ebe00000,0x00000000ebe00000,0x00000000f0900000)
  from space 512K, 18% used [0x00000000fff00000,0x00000000fff18000,0x00000000fff80000)
  to   space 512K, 0% used [0x00000000fff80000,0x00000000fff80000,0x0000000100000000)
 ParOldGen       total 107008K, used 63692K [0x00000000c3a00000, 0x00000000ca280000, 0x00000000ebe00000)
  object space 107008K, 59% used [0x00000000c3a00000,0x00000000c7833160,0x00000000ca280000)
 PSPermGen       total 44544K, used 20534K [0x00000000b9400000, 0x00000000bbf80000, 0x00000000c3a00000)
  object space 44544K, 46% used [0x00000000b9400000,0x00000000ba80dbf8,0x00000000bbf80000)
}
Event: 611.167 GC heap before
{Heap before GC invocations=434 (full 2):
 PSYoungGen      total 77312K, used 76896K [0x00000000ebe00000, 0x0000000100000000, 0x0000000100000000)
  eden space 76800K, 100% used [0x00000000ebe00000,0x00000000f0900000,0x00000000f0900000)
  from space 512K, 18% used [0x00000000fff00000,0x00000000fff18000,0x00000000fff80000)
  to   space 512K, 0% used [0x00000000fff80000,0x00000000fff80000,0x0000000100000000)
 ParOldGen       total 107008K, used 63692K [0x00000000c3a00000, 0x00000000ca280000, 0x00000000ebe00000)
  object space 107008K, 59% used [0x00000000c3a00000,0x00000000c7833160,0x00000000ca280000)
 PSPermGen       total 44544K, used 20534K [0x00000000b9400000, 0x00000000bbf80000, 0x00000000c3a00000)
  object space 44544K, 46% used [0x00000000b9400000,0x00000000ba80dbf8,0x00000000bbf80000)
Event: 611.169 GC heap after
Heap after GC invocations=434 (full 2):
 PSYoungGen      total 78848K, used 128K [0x00000000ebe00000, 0x0000000100000000, 0x0000000100000000)
  eden space 78336K, 0% used [0x00000000ebe00000,0x00000000ebe00000,0x00000000f0a80000)
  from space 512K, 25% used [0x00000000fff80000,0x00000000fffa0000,0x0000000100000000)
  to   space 512K, 0% used [0x00000000fff00000,0x00000000fff00000,0x00000000fff80000)
 ParOldGen       total 107008K, used 63692K [0x00000000c3a00000, 0x00000000ca280000, 0x00000000ebe00000)
  object space 107008K, 59% used [0x00000000c3a00000,0x00000000c7833160,0x00000000ca280000)
 PSPermGen       total 44544K, used 20534K [0x00000000b9400000, 0x00000000bbf80000, 0x00000000c3a00000)
  object space 44544K, 46% used [0x00000000b9400000,0x00000000ba80dbf8,0x00000000bbf80000)
}
Event: 611.788 GC heap before
{Heap before GC invocations=435 (full 2):
 PSYoungGen      total 78848K, used 78464K [0x00000000ebe00000, 0x0000000100000000, 0x0000000100000000)
  eden space 78336K, 100% used [0x00000000ebe00000,0x00000000f0a80000,0x00000000f0a80000)
  from space 512K, 25% used [0x00000000fff80000,0x00000000fffa0000,0x0000000100000000)
  to   space 512K, 0% used [0x00000000fff00000,0x00000000fff00000,0x00000000fff80000)
 ParOldGen       total 107008K, used 63692K [0x00000000c3a00000, 0x00000000ca280000, 0x00000000ebe00000)
  object space 107008K, 59% used [0x00000000c3a00000,0x00000000c7833160,0x00000000ca280000)
 PSPermGen       total 44544K, used 20538K [0x00000000b9400000, 0x00000000bbf80000, 0x00000000c3a00000)
  object space 44544K, 46% used [0x00000000b9400000,0x00000000ba80eb68,0x00000000bbf80000)
Event: 611.789 GC heap after
Heap after GC invocations=435 (full 2):
 PSYoungGen      total 76288K, used 64K [0x00000000ebe00000, 0x0000000100000000, 0x0000000100000000)
  eden space 75776K, 0% used [0x00000000ebe00000,0x00000000ebe00000,0x00000000f0800000)
  from space 512K, 12% used [0x00000000fff00000,0x00000000fff10000,0x00000000fff80000)
  to   space 512K, 0% used [0x00000000fff80000,0x00000000fff80000,0x0000000100000000)
 ParOldGen       total 107008K, used 63692K [0x00000000c3a00000, 0x00000000ca280000, 0x00000000ebe00000)
  object space 107008K, 59% used [0x00000000c3a00000,0x00000000c7833160,0x00000000ca280000)
 PSPermGen       total 44544K, used 20538K [0x00000000b9400000, 0x00000000bbf80000, 0x00000000c3a00000)
  object space 44544K, 46% used [0x00000000b9400000,0x00000000ba80eb68,0x00000000bbf80000)
}

