# JRE version: OpenJDK Runtime Environment (7.0_101) (build 1.7.0_101-b00)
# Java VM: OpenJDK 64-Bit Server VM (24.95-b01 mixed mode linux-amd64 compressed oops)
Heap
 PSYoungGen      total 276992K, used 152130K [0x00000000ebe00000, 0x0000000100000000, 0x0000000100000000)
  eden space 224256K, 64% used [0x00000000ebe00000,0x00000000f4c58800,0x00000000f9900000)
  from space 52736K, 12% used [0x00000000fcc80000,0x00000000fd2b8170,0x0000000100000000)
  to   space 52736K, 0% used [0x00000000f9900000,0x00000000f9900000,0x00000000fcc80000)
 ParOldGen       total 117248K, used 64248K [0x00000000c3a00000, 0x00000000cac80000, 0x00000000ebe00000)
  object space 117248K, 54% used [0x00000000c3a00000,0x00000000c78be360,0x00000000cac80000)
 PSPermGen       total 45056K, used 20825K [0x00000000b9400000, 0x00000000bc000000, 0x00000000c3a00000)
  object space 45056K, 46% used [0x00000000b9400000,0x00000000ba8567e0,0x00000000bc000000)
GC Heap History (10 events):
Event: 26.572 GC heap before
{Heap before GC invocations=24 (full 1):
 PSYoungGen      total 263680K, used 243009K [0x00000000ebe00000, 0x00000000ff580000, 0x0000000100000000)
  eden space 213504K, 100% used [0x00000000ebe00000,0x00000000f8e80000,0x00000000f8e80000)
  from space 50176K, 58% used [0x00000000fc480000,0x00000000fe150540,0x00000000ff580000)
  to   space 52736K, 0% used [0x00000000f8e80000,0x00000000f8e80000,0x00000000fc200000)
 ParOldGen       total 64512K, used 52756K [0x00000000c3a00000, 0x00000000c7900000, 0x00000000ebe00000)
  object space 64512K, 81% used [0x00000000c3a00000,0x00000000c6d85198,0x00000000c7900000)
 PSPermGen       total 38912K, used 20805K [0x00000000b9400000, 0x00000000bba00000, 0x00000000c3a00000)
  object space 38912K, 53% used [0x00000000b9400000,0x00000000ba851598,0x00000000bba00000)
Event: 26.594 GC heap after
Heap after GC invocations=24 (full 1):
 PSYoungGen      total 266240K, used 20257K [0x00000000ebe00000, 0x00000000fff80000, 0x0000000100000000)
  eden space 213504K, 0% used [0x00000000ebe00000,0x00000000ebe00000,0x00000000f8e80000)
  from space 52736K, 38% used [0x00000000f8e80000,0x00000000fa2484a0,0x00000000fc200000)
  to   space 51200K, 0% used [0x00000000fcd80000,0x00000000fcd80000,0x00000000fff80000)
 ParOldGen       total 64512K, used 61972K [0x00000000c3a00000, 0x00000000c7900000, 0x00000000ebe00000)
  object space 64512K, 96% used [0x00000000c3a00000,0x00000000c7685208,0x00000000c7900000)
 PSPermGen       total 38912K, used 20805K [0x00000000b9400000, 0x00000000bba00000, 0x00000000c3a00000)
  object space 38912K, 53% used [0x00000000b9400000,0x00000000ba851598,0x00000000bba00000)
}
Event: 26.594 GC heap before
{Heap before GC invocations=25 (full 2):
 PSYoungGen      total 266240K, used 20257K [0x00000000ebe00000, 0x00000000fff80000, 0x0000000100000000)
  eden space 213504K, 0% used [0x00000000ebe00000,0x00000000ebe00000,0x00000000f8e80000)
  from space 52736K, 38% used [0x00000000f8e80000,0x00000000fa2484a0,0x00000000fc200000)
  to   space 51200K, 0% used [0x00000000fcd80000,0x00000000fcd80000,0x00000000fff80000)
 ParOldGen       total 64512K, used 61972K [0x00000000c3a00000, 0x00000000c7900000, 0x00000000ebe00000)
  object space 64512K, 96% used [0x00000000c3a00000,0x00000000c7685208,0x00000000c7900000)
 PSPermGen       total 38912K, used 20805K [0x00000000b9400000, 0x00000000bba00000, 0x00000000c3a00000)
  object space 38912K, 53% used [0x00000000b9400000,0x00000000ba851598,0x00000000bba00000)
Event: 26.914 GC heap after
Heap after GC invocations=25 (full 2):
 PSYoungGen      total 266240K, used 6270K [0x00000000ebe00000, 0x00000000fff80000, 0x0000000100000000)
  eden space 213504K, 0% used [0x00000000ebe00000,0x00000000ebe00000,0x00000000f8e80000)
  from space 52736K, 11% used [0x00000000f8e80000,0x00000000f949f8b0,0x00000000fc200000)
  to   space 51200K, 0% used [0x00000000fcd80000,0x00000000fcd80000,0x00000000fff80000)
 ParOldGen       total 117248K, used 64208K [0x00000000c3a00000, 0x00000000cac80000, 0x00000000ebe00000)
  object space 117248K, 54% used [0x00000000c3a00000,0x00000000c78b4360,0x00000000cac80000)
 PSPermGen       total 45056K, used 20804K [0x00000000b9400000, 0x00000000bc000000, 0x00000000c3a00000)
  object space 45056K, 46% used [0x00000000b9400000,0x00000000ba851348,0x00000000bc000000)
}
Event: 29.138 GC heap before
{Heap before GC invocations=26 (full 2):
 PSYoungGen      total 266240K, used 219774K [0x00000000ebe00000, 0x00000000fff80000, 0x0000000100000000)
  eden space 213504K, 100% used [0x00000000ebe00000,0x00000000f8e80000,0x00000000f8e80000)
  from space 52736K, 11% used [0x00000000f8e80000,0x00000000f949f8b0,0x00000000fc200000)
  to   space 51200K, 0% used [0x00000000fcd80000,0x00000000fcd80000,0x00000000fff80000)
 ParOldGen       total 117248K, used 64208K [0x00000000c3a00000, 0x00000000cac80000, 0x00000000ebe00000)
  object space 117248K, 54% used [0x00000000c3a00000,0x00000000c78b4360,0x00000000cac80000)
 PSPermGen       total 45056K, used 20812K [0x00000000b9400000, 0x00000000bc000000, 0x00000000c3a00000)
  object space 45056K, 46% used [0x00000000b9400000,0x00000000ba853000,0x00000000bc000000)
Event: 29.160 GC heap after
Heap after GC invocations=26 (full 2):
 PSYoungGen      total 276480K, used 6400K [0x00000000ebe00000, 0x0000000100000000, 0x0000000100000000)
  eden space 225280K, 0% used [0x00000000ebe00000,0x00000000ebe00000,0x00000000f9a00000)
  from space 51200K, 12% used [0x00000000fcd80000,0x00000000fd3c0170,0x00000000fff80000)
  to   space 52224K, 0% used [0x00000000f9a00000,0x00000000f9a00000,0x00000000fcd00000)
 ParOldGen       total 117248K, used 64232K [0x00000000c3a00000, 0x00000000cac80000, 0x00000000ebe00000)
  object space 117248K, 54% used [0x00000000c3a00000,0x00000000c78ba360,0x00000000cac80000)
 PSPermGen       total 45056K, used 20812K [0x00000000b9400000, 0x00000000bc000000, 0x00000000c3a00000)
  object space 45056K, 46% used [0x00000000b9400000,0x00000000ba853000,0x00000000bc000000)
}
Event: 31.319 GC heap before
{Heap before GC invocations=27 (full 2):
 PSYoungGen      total 276480K, used 231680K [0x00000000ebe00000, 0x0000000100000000, 0x0000000100000000)
  eden space 225280K, 100% used [0x00000000ebe00000,0x00000000f9a00000,0x00000000f9a00000)
  from space 51200K, 12% used [0x00000000fcd80000,0x00000000fd3c0170,0x00000000fff80000)
  to   space 52224K, 0% used [0x00000000f9a00000,0x00000000f9a00000,0x00000000fcd00000)
 ParOldGen       total 117248K, used 64232K [0x00000000c3a00000, 0x00000000cac80000, 0x00000000ebe00000)
  object space 117248K, 54% used [0x00000000c3a00000,0x00000000c78ba360,0x00000000cac80000)
 PSPermGen       total 45056K, used 20814K [0x00000000b9400000, 0x00000000bc000000, 0x00000000c3a00000)
  object space 45056K, 46% used [0x00000000b9400000,0x00000000ba8538d8,0x00000000bc000000)
Event: 31.324 GC heap after
Heap after GC invocations=27 (full 2):
 PSYoungGen      total 231936K, used 6400K [0x00000000ebe00000, 0x0000000100000000, 0x0000000100000000)
  eden space 225280K, 0% used [0x00000000ebe00000,0x00000000ebe00000,0x00000000f9a00000)
  from space 6656K, 96% used [0x00000000f9a00000,0x00000000fa040170,0x00000000fa080000)
  to   space 52736K, 0% used [0x00000000fcc80000,0x00000000fcc80000,0x0000000100000000)
 ParOldGen       total 117248K, used 64240K [0x00000000c3a00000, 0x00000000cac80000, 0x00000000ebe00000)
  object space 117248K, 54% used [0x00000000c3a00000,0x00000000c78bc360,0x00000000cac80000)
 PSPermGen       total 45056K, used 20814K [0x00000000b9400000, 0x00000000bc000000, 0x00000000c3a00000)
  object space 45056K, 46% used [0x00000000b9400000,0x00000000ba8538d8,0x00000000bc000000)
}
Event: 33.444 GC heap before
{Heap before GC invocations=28 (full 2):
 PSYoungGen      total 231936K, used 231680K [0x00000000ebe00000, 0x0000000100000000, 0x0000000100000000)
  eden space 225280K, 100% used [0x00000000ebe00000,0x00000000f9a00000,0x00000000f9a00000)
  from space 6656K, 96% used [0x00000000f9a00000,0x00000000fa040170,0x00000000fa080000)
  to   space 52736K, 0% used [0x00000000fcc80000,0x00000000fcc80000,0x0000000100000000)
 ParOldGen       total 117248K, used 64240K [0x00000000c3a00000, 0x00000000cac80000, 0x00000000ebe00000)
  object space 117248K, 54% used [0x00000000c3a00000,0x00000000c78bc360,0x00000000cac80000)
 PSPermGen       total 45056K, used 20819K [0x00000000b9400000, 0x00000000bc000000, 0x00000000c3a00000)
  object space 45056K, 46% used [0x00000000b9400000,0x00000000ba854e88,0x00000000bc000000)
Event: 33.449 GC heap after
Heap after GC invocations=28 (full 2):
 PSYoungGen      total 276992K, used 6368K [0x00000000ebe00000, 0x0000000100000000, 0x0000000100000000)
  eden space 224256K, 0% used [0x00000000ebe00000,0x00000000ebe00000,0x00000000f9900000)
  from space 52736K, 12% used [0x00000000fcc80000,0x00000000fd2b8170,0x0000000100000000)
  to   space 52736K, 0% used [0x00000000f9900000,0x00000000f9900000,0x00000000fcc80000)
 ParOldGen       total 117248K, used 64248K [0x00000000c3a00000, 0x00000000cac80000, 0x00000000ebe00000)
  object space 117248K, 54% used [0x00000000c3a00000,0x00000000c78be360,0x00000000cac80000)
 PSPermGen       total 45056K, used 20819K [0x00000000b9400000, 0x00000000bc000000, 0x00000000c3a00000)
  object space 45056K, 46% used [0x00000000b9400000,0x00000000ba854e88,0x00000000bc000000)
}

