# JRE version: OpenJDK Runtime Environment (7.0_101) (build 1.7.0_101-b00)
# Java VM: OpenJDK 64-Bit Server VM (24.95-b01 mixed mode linux-amd64 compressed oops)
Heap
 PSYoungGen      total 227328K, used 83751K [0x00000000ebe00000, 0x00000000fd080000, 0x0000000100000000)
  eden space 194048K, 32% used [0x00000000ebe00000,0x00000000efad0470,0x00000000f7b80000)
  from space 33280K, 64% used [0x00000000f7b80000,0x00000000f90798b0,0x00000000f9c00000)
  to   space 32256K, 0% used [0x00000000fb100000,0x00000000fb100000,0x00000000fd080000)
 ParOldGen       total 66560K, used 45022K [0x00000000c3a00000, 0x00000000c7b00000, 0x00000000ebe00000)
  object space 66560K, 67% used [0x00000000c3a00000,0x00000000c65f7898,0x00000000c7b00000)
 PSPermGen       total 38912K, used 20699K [0x00000000b9400000, 0x00000000bba00000, 0x00000000c3a00000)
  object space 38912K, 53% used [0x00000000b9400000,0x00000000ba836e90,0x00000000bba00000)
GC Heap History (10 events):
Event: 15.469 GC heap before
{Heap before GC invocations=18 (full 1):
 PSYoungGen      total 188416K, used 174246K [0x00000000ebe00000, 0x00000000f9900000, 0x0000000100000000)
  eden space 152576K, 100% used [0x00000000ebe00000,0x00000000f5300000,0x00000000f5300000)
  from space 35840K, 60% used [0x00000000f7600000,0x00000000f8b298d0,0x00000000f9900000)
  to   space 35840K, 0% used [0x00000000f5300000,0x00000000f5300000,0x00000000f7600000)
 ParOldGen       total 66560K, used 45022K [0x00000000c3a00000, 0x00000000c7b00000, 0x00000000ebe00000)
  object space 66560K, 67% used [0x00000000c3a00000,0x00000000c65f7898,0x00000000c7b00000)
 PSPermGen       total 38912K, used 20653K [0x00000000b9400000, 0x00000000bba00000, 0x00000000c3a00000)
  object space 38912K, 53% used [0x00000000b9400000,0x00000000ba82b6d0,0x00000000bba00000)
Event: 15.484 GC heap after
Heap after GC invocations=18 (full 1):
 PSYoungGen      total 188416K, used 21606K [0x00000000ebe00000, 0x00000000fab80000, 0x0000000100000000)
  eden space 152576K, 0% used [0x00000000ebe00000,0x00000000ebe00000,0x00000000f5300000)
  from space 35840K, 60% used [0x00000000f5300000,0x00000000f68198d0,0x00000000f7600000)
  to   space 35328K, 0% used [0x00000000f8900000,0x00000000f8900000,0x00000000fab80000)
 ParOldGen       total 66560K, used 45022K [0x00000000c3a00000, 0x00000000c7b00000, 0x00000000ebe00000)
  object space 66560K, 67% used [0x00000000c3a00000,0x00000000c65f7898,0x00000000c7b00000)
 PSPermGen       total 38912K, used 20653K [0x00000000b9400000, 0x00000000bba00000, 0x00000000c3a00000)
  object space 38912K, 53% used [0x00000000b9400000,0x00000000ba82b6d0,0x00000000bba00000)
}
Event: 16.692 GC heap before
{Heap before GC invocations=19 (full 1):
 PSYoungGen      total 188416K, used 174182K [0x00000000ebe00000, 0x00000000fab80000, 0x0000000100000000)
  eden space 152576K, 100% used [0x00000000ebe00000,0x00000000f5300000,0x00000000f5300000)
  from space 35840K, 60% used [0x00000000f5300000,0x00000000f68198d0,0x00000000f7600000)
  to   space 35328K, 0% used [0x00000000f8900000,0x00000000f8900000,0x00000000fab80000)
 ParOldGen       total 66560K, used 45022K [0x00000000c3a00000, 0x00000000c7b00000, 0x00000000ebe00000)
  object space 66560K, 67% used [0x00000000c3a00000,0x00000000c65f7898,0x00000000c7b00000)
 PSPermGen       total 38912K, used 20659K [0x00000000b9400000, 0x00000000bba00000, 0x00000000c3a00000)
  object space 38912K, 53% used [0x00000000b9400000,0x00000000ba82cda0,0x00000000bba00000)
Event: 16.718 GC heap after
Heap after GC invocations=19 (full 1):
 PSYoungGen      total 205824K, used 21510K [0x00000000ebe00000, 0x00000000fa980000, 0x0000000100000000)
  eden space 172544K, 0% used [0x00000000ebe00000,0x00000000ebe00000,0x00000000f6680000)
  from space 33280K, 64% used [0x00000000f8900000,0x00000000f9e018b0,0x00000000fa980000)
  to   space 34304K, 0% used [0x00000000f6680000,0x00000000f6680000,0x00000000f8800000)
 ParOldGen       total 66560K, used 45022K [0x00000000c3a00000, 0x00000000c7b00000, 0x00000000ebe00000)
  object space 66560K, 67% used [0x00000000c3a00000,0x00000000c65f7898,0x00000000c7b00000)
 PSPermGen       total 38912K, used 20659K [0x00000000b9400000, 0x00000000bba00000, 0x00000000c3a00000)
  object space 38912K, 53% used [0x00000000b9400000,0x00000000ba82cda0,0x00000000bba00000)
}
Event: 17.905 GC heap before
{Heap before GC invocations=20 (full 1):
 PSYoungGen      total 205824K, used 194054K [0x00000000ebe00000, 0x00000000fa980000, 0x0000000100000000)
  eden space 172544K, 100% used [0x00000000ebe00000,0x00000000f6680000,0x00000000f6680000)
  from space 33280K, 64% used [0x00000000f8900000,0x00000000f9e018b0,0x00000000fa980000)
  to   space 34304K, 0% used [0x00000000f6680000,0x00000000f6680000,0x00000000f8800000)
 ParOldGen       total 66560K, used 45022K [0x00000000c3a00000, 0x00000000c7b00000, 0x00000000ebe00000)
  object space 66560K, 67% used [0x00000000c3a00000,0x00000000c65f7898,0x00000000c7b00000)
 PSPermGen       total 38912K, used 20661K [0x00000000b9400000, 0x00000000bba00000, 0x00000000c3a00000)
  object space 38912K, 53% used [0x00000000b9400000,0x00000000ba82d7a8,0x00000000bba00000)
Event: 17.927 GC heap after
Heap after GC invocations=20 (full 1):
 PSYoungGen      total 206848K, used 21478K [0x00000000ebe00000, 0x00000000fbd80000, 0x0000000100000000)
  eden space 172544K, 0% used [0x00000000ebe00000,0x00000000ebe00000,0x00000000f6680000)
  from space 34304K, 62% used [0x00000000f6680000,0x00000000f7b798b0,0x00000000f8800000)
  to   space 33792K, 0% used [0x00000000f9c80000,0x00000000f9c80000,0x00000000fbd80000)
 ParOldGen       total 66560K, used 45022K [0x00000000c3a00000, 0x00000000c7b00000, 0x00000000ebe00000)
  object space 66560K, 67% used [0x00000000c3a00000,0x00000000c65f7898,0x00000000c7b00000)
 PSPermGen       total 38912K, used 20661K [0x00000000b9400000, 0x00000000bba00000, 0x00000000c3a00000)
  object space 38912K, 53% used [0x00000000b9400000,0x00000000ba82d7a8,0x00000000bba00000)
}
Event: 19.135 GC heap before
{Heap before GC invocations=21 (full 1):
 PSYoungGen      total 206848K, used 194022K [0x00000000ebe00000, 0x00000000fbd80000, 0x0000000100000000)
  eden space 172544K, 100% used [0x00000000ebe00000,0x00000000f6680000,0x00000000f6680000)
  from space 34304K, 62% used [0x00000000f6680000,0x00000000f7b798b0,0x00000000f8800000)
  to   space 33792K, 0% used [0x00000000f9c80000,0x00000000f9c80000,0x00000000fbd80000)
 ParOldGen       total 66560K, used 45022K [0x00000000c3a00000, 0x00000000c7b00000, 0x00000000ebe00000)
  object space 66560K, 67% used [0x00000000c3a00000,0x00000000c65f7898,0x00000000c7b00000)
 PSPermGen       total 38912K, used 20691K [0x00000000b9400000, 0x00000000bba00000, 0x00000000c3a00000)
  object space 38912K, 53% used [0x00000000b9400000,0x00000000ba834d50,0x00000000bba00000)
Event: 19.162 GC heap after
Heap after GC invocations=21 (full 1):
 PSYoungGen      total 226816K, used 21510K [0x00000000ebe00000, 0x00000000fbc80000, 0x0000000100000000)
  eden space 194048K, 0% used [0x00000000ebe00000,0x00000000ebe00000,0x00000000f7b80000)
  from space 32768K, 65% used [0x00000000f9c80000,0x00000000fb1818b0,0x00000000fbc80000)
  to   space 33280K, 0% used [0x00000000f7b80000,0x00000000f7b80000,0x00000000f9c00000)
 ParOldGen       total 66560K, used 45022K [0x00000000c3a00000, 0x00000000c7b00000, 0x00000000ebe00000)
  object space 66560K, 67% used [0x00000000c3a00000,0x00000000c65f7898,0x00000000c7b00000)
 PSPermGen       total 38912K, used 20691K [0x00000000b9400000, 0x00000000bba00000, 0x00000000c3a00000)
  object space 38912K, 53% used [0x00000000b9400000,0x00000000ba834d50,0x00000000bba00000)
}
Event: 20.507 GC heap before
{Heap before GC invocations=22 (full 1):
 PSYoungGen      total 226816K, used 215558K [0x00000000ebe00000, 0x00000000fbc80000, 0x0000000100000000)
  eden space 194048K, 100% used [0x00000000ebe00000,0x00000000f7b80000,0x00000000f7b80000)
  from space 32768K, 65% used [0x00000000f9c80000,0x00000000fb1818b0,0x00000000fbc80000)
  to   space 33280K, 0% used [0x00000000f7b80000,0x00000000f7b80000,0x00000000f9c00000)
 ParOldGen       total 66560K, used 45022K [0x00000000c3a00000, 0x00000000c7b00000, 0x00000000ebe00000)
  object space 66560K, 67% used [0x00000000c3a00000,0x00000000c65f7898,0x00000000c7b00000)
 PSPermGen       total 38912K, used 20697K [0x00000000b9400000, 0x00000000bba00000, 0x00000000c3a00000)
  object space 38912K, 53% used [0x00000000b9400000,0x00000000ba836540,0x00000000bba00000)
Event: 20.526 GC heap after
Heap after GC invocations=22 (full 1):
 PSYoungGen      total 227328K, used 21478K [0x00000000ebe00000, 0x00000000fd080000, 0x0000000100000000)
  eden space 194048K, 0% used [0x00000000ebe00000,0x00000000ebe00000,0x00000000f7b80000)
  from space 33280K, 64% used [0x00000000f7b80000,0x00000000f90798b0,0x00000000f9c00000)
  to   space 32256K, 0% used [0x00000000fb100000,0x00000000fb100000,0x00000000fd080000)
 ParOldGen       total 66560K, used 45022K [0x00000000c3a00000, 0x00000000c7b00000, 0x00000000ebe00000)
  object space 66560K, 67% used [0x00000000c3a00000,0x00000000c65f7898,0x00000000c7b00000)
 PSPermGen       total 38912K, used 20697K [0x00000000b9400000, 0x00000000bba00000, 0x00000000c3a00000)
  object space 38912K, 53% used [0x00000000b9400000,0x00000000ba836540,0x00000000bba00000)
}

