# JRE version: OpenJDK Runtime Environment (7.0_101) (build 1.7.0_101-b00)
# Java VM: OpenJDK 64-Bit Server VM (24.95-b01 mixed mode linux-amd64 compressed oops)
Heap
 PSYoungGen      total 100864K, used 58956K [0x00000000ebe00000, 0x00000000f4680000, 0x0000000100000000)
  eden space 74752K, 54% used [0x00000000ebe00000,0x00000000ee57c138,0x00000000f0700000)
  from space 26112K, 70% used [0x00000000f2200000,0x00000000f3417080,0x00000000f3b80000)
  to   space 27648K, 0% used [0x00000000f0700000,0x00000000f0700000,0x00000000f2200000)
 ParOldGen       total 67072K, used 36494K [0x00000000c3a00000, 0x00000000c7b80000, 0x00000000ebe00000)
  object space 67072K, 54% used [0x00000000c3a00000,0x00000000c5da3938,0x00000000c7b80000)
 PSPermGen       total 38912K, used 20303K [0x00000000b9400000, 0x00000000bba00000, 0x00000000c3a00000)
  object space 38912K, 52% used [0x00000000b9400000,0x00000000ba7d3c98,0x00000000bba00000)
GC Heap History (10 events):
Event: 4.192 GC heap before
{Heap before GC invocations=5 (full 0):
 PSYoungGen      total 34304K, used 34276K [0x00000000ebe00000, 0x00000000ee200000, 0x0000000100000000)
  eden space 31744K, 100% used [0x00000000ebe00000,0x00000000edd00000,0x00000000edd00000)
  from space 2560K, 98% used [0x00000000edf80000,0x00000000ee1f9298,0x00000000ee200000)
  to   space 2560K, 0% used [0x00000000edd00000,0x00000000edd00000,0x00000000edf80000)
 ParOldGen       total 40960K, used 11487K [0x00000000c3a00000, 0x00000000c6200000, 0x00000000ebe00000)
  object space 40960K, 28% used [0x00000000c3a00000,0x00000000c4537e40,0x00000000c6200000)
 PSPermGen       total 21504K, used 19451K [0x00000000b9400000, 0x00000000ba900000, 0x00000000c3a00000)
  object space 21504K, 90% used [0x00000000b9400000,0x00000000ba6fed50,0x00000000ba900000)
Event: 4.217 GC heap after
Heap after GC invocations=5 (full 0):
 PSYoungGen      total 34304K, used 2534K [0x00000000ebe00000, 0x00000000f1e00000, 0x0000000100000000)
  eden space 31744K, 0% used [0x00000000ebe00000,0x00000000ebe00000,0x00000000edd00000)
  from space 2560K, 99% used [0x00000000edd00000,0x00000000edf799d8,0x00000000edf80000)
  to   space 17408K, 0% used [0x00000000f0d00000,0x00000000f0d00000,0x00000000f1e00000)
 ParOldGen       total 40960K, used 28184K [0x00000000c3a00000, 0x00000000c6200000, 0x00000000ebe00000)
  object space 40960K, 68% used [0x00000000c3a00000,0x00000000c5586030,0x00000000c6200000)
 PSPermGen       total 21504K, used 19451K [0x00000000b9400000, 0x00000000ba900000, 0x00000000c3a00000)
  object space 21504K, 90% used [0x00000000b9400000,0x00000000ba6fed50,0x00000000ba900000)
}
Event: 4.217 GC heap before
{Heap before GC invocations=6 (full 1):
 PSYoungGen      total 34304K, used 2534K [0x00000000ebe00000, 0x00000000f1e00000, 0x0000000100000000)
  eden space 31744K, 0% used [0x00000000ebe00000,0x00000000ebe00000,0x00000000edd00000)
  from space 2560K, 99% used [0x00000000edd00000,0x00000000edf799d8,0x00000000edf80000)
  to   space 17408K, 0% used [0x00000000f0d00000,0x00000000f0d00000,0x00000000f1e00000)
 ParOldGen       total 40960K, used 28184K [0x00000000c3a00000, 0x00000000c6200000, 0x00000000ebe00000)
  object space 40960K, 68% used [0x00000000c3a00000,0x00000000c5586030,0x00000000c6200000)
 PSPermGen       total 21504K, used 19451K [0x00000000b9400000, 0x00000000ba900000, 0x00000000c3a00000)
  object space 21504K, 90% used [0x00000000b9400000,0x00000000ba6fed50,0x00000000ba900000)
Event: 4.380 GC heap after
Heap after GC invocations=6 (full 1):
 PSYoungGen      total 34304K, used 0K [0x00000000ebe00000, 0x00000000f1e00000, 0x0000000100000000)
  eden space 31744K, 0% used [0x00000000ebe00000,0x00000000ebe00000,0x00000000edd00000)
  from space 2560K, 0% used [0x00000000edd00000,0x00000000edd00000,0x00000000edf80000)
  to   space 17408K, 0% used [0x00000000f0d00000,0x00000000f0d00000,0x00000000f1e00000)
 ParOldGen       total 67072K, used 27768K [0x00000000c3a00000, 0x00000000c7b80000, 0x00000000ebe00000)
  object space 67072K, 41% used [0x00000000c3a00000,0x00000000c551e3e8,0x00000000c7b80000)
 PSPermGen       total 38912K, used 19446K [0x00000000b9400000, 0x00000000bba00000, 0x00000000c3a00000)
  object space 38912K, 49% used [0x00000000b9400000,0x00000000ba6fda00,0x00000000bba00000)
}
Event: 4.399 GC heap before
{Heap before GC invocations=7 (full 1):
 PSYoungGen      total 34304K, used 31744K [0x00000000ebe00000, 0x00000000f1e00000, 0x0000000100000000)
  eden space 31744K, 100% used [0x00000000ebe00000,0x00000000edd00000,0x00000000edd00000)
  from space 2560K, 0% used [0x00000000edd00000,0x00000000edd00000,0x00000000edf80000)
  to   space 17408K, 0% used [0x00000000f0d00000,0x00000000f0d00000,0x00000000f1e00000)
 ParOldGen       total 67072K, used 27768K [0x00000000c3a00000, 0x00000000c7b80000, 0x00000000ebe00000)
  object space 67072K, 41% used [0x00000000c3a00000,0x00000000c551e3e8,0x00000000c7b80000)
 PSPermGen       total 38912K, used 19446K [0x00000000b9400000, 0x00000000bba00000, 0x00000000c3a00000)
  object space 38912K, 49% used [0x00000000b9400000,0x00000000ba6fda00,0x00000000bba00000)
Event: 4.416 GC heap after
Heap after GC invocations=7 (full 1):
 PSYoungGen      total 62976K, used 12917K [0x00000000ebe00000, 0x00000000f1a00000, 0x0000000100000000)
  eden space 49664K, 0% used [0x00000000ebe00000,0x00000000ebe00000,0x00000000eee80000)
  from space 13312K, 97% used [0x00000000f0d00000,0x00000000f199d7a0,0x00000000f1a00000)
  to   space 18432K, 0% used [0x00000000ef600000,0x00000000ef600000,0x00000000f0800000)
 ParOldGen       total 67072K, used 27768K [0x00000000c3a00000, 0x00000000c7b80000, 0x00000000ebe00000)
  object space 67072K, 41% used [0x00000000c3a00000,0x00000000c551e3e8,0x00000000c7b80000)
 PSPermGen       total 38912K, used 19446K [0x00000000b9400000, 0x00000000bba00000, 0x00000000c3a00000)
  object space 38912K, 49% used [0x00000000b9400000,0x00000000ba6fda00,0x00000000bba00000)
}
Event: 5.622 GC heap before
{Heap before GC invocations=8 (full 1):
 PSYoungGen      total 62976K, used 62581K [0x00000000ebe00000, 0x00000000f1a00000, 0x0000000100000000)
  eden space 49664K, 100% used [0x00000000ebe00000,0x00000000eee80000,0x00000000eee80000)
  from space 13312K, 97% used [0x00000000f0d00000,0x00000000f199d7a0,0x00000000f1a00000)
  to   space 18432K, 0% used [0x00000000ef600000,0x00000000ef600000,0x00000000f0800000)
 ParOldGen       total 67072K, used 27768K [0x00000000c3a00000, 0x00000000c7b80000, 0x00000000ebe00000)
  object space 67072K, 41% used [0x00000000c3a00000,0x00000000c551e3e8,0x00000000c7b80000)
 PSPermGen       total 38912K, used 20214K [0x00000000b9400000, 0x00000000bba00000, 0x00000000c3a00000)
  object space 38912K, 51% used [0x00000000b9400000,0x00000000ba7bd828,0x00000000bba00000)
Event: 5.651 GC heap after
Heap after GC invocations=8 (full 1):
 PSYoungGen      total 75776K, used 18428K [0x00000000ebe00000, 0x00000000f3b80000, 0x0000000100000000)
  eden space 57344K, 0% used [0x00000000ebe00000,0x00000000ebe00000,0x00000000ef600000)
  from space 18432K, 99% used [0x00000000ef600000,0x00000000f07ff090,0x00000000f0800000)
  to   space 26112K, 0% used [0x00000000f2200000,0x00000000f2200000,0x00000000f3b80000)
 ParOldGen       total 67072K, used 36486K [0x00000000c3a00000, 0x00000000c7b80000, 0x00000000ebe00000)
  object space 67072K, 54% used [0x00000000c3a00000,0x00000000c5da1938,0x00000000c7b80000)
 PSPermGen       total 38912K, used 20214K [0x00000000b9400000, 0x00000000bba00000, 0x00000000c3a00000)
  object space 38912K, 51% used [0x00000000b9400000,0x00000000ba7bd828,0x00000000bba00000)
}
Event: 9.666 GC heap before
{Heap before GC invocations=9 (full 1):
 PSYoungGen      total 75776K, used 75772K [0x00000000ebe00000, 0x00000000f3b80000, 0x0000000100000000)
  eden space 57344K, 100% used [0x00000000ebe00000,0x00000000ef600000,0x00000000ef600000)
  from space 18432K, 99% used [0x00000000ef600000,0x00000000f07ff090,0x00000000f0800000)
  to   space 26112K, 0% used [0x00000000f2200000,0x00000000f2200000,0x00000000f3b80000)
 ParOldGen       total 67072K, used 36486K [0x00000000c3a00000, 0x00000000c7b80000, 0x00000000ebe00000)
  object space 67072K, 54% used [0x00000000c3a00000,0x00000000c5da1938,0x00000000c7b80000)
 PSPermGen       total 38912K, used 20272K [0x00000000b9400000, 0x00000000bba00000, 0x00000000c3a00000)
  object space 38912K, 52% used [0x00000000b9400000,0x00000000ba7cc238,0x00000000bba00000)
Event: 9.686 GC heap after
Heap after GC invocations=9 (full 1):
 PSYoungGen      total 100864K, used 18524K [0x00000000ebe00000, 0x00000000f4680000, 0x0000000100000000)
  eden space 74752K, 0% used [0x00000000ebe00000,0x00000000ebe00000,0x00000000f0700000)
  from space 26112K, 70% used [0x00000000f2200000,0x00000000f3417080,0x00000000f3b80000)
  to   space 27648K, 0% used [0x00000000f0700000,0x00000000f0700000,0x00000000f2200000)
 ParOldGen       total 67072K, used 36494K [0x00000000c3a00000, 0x00000000c7b80000, 0x00000000ebe00000)
  object space 67072K, 54% used [0x00000000c3a00000,0x00000000c5da3938,0x00000000c7b80000)
 PSPermGen       total 38912K, used 20272K [0x00000000b9400000, 0x00000000bba00000, 0x00000000c3a00000)
  object space 38912K, 52% used [0x00000000b9400000,0x00000000ba7cc238,0x00000000bba00000)
}

